e:\7.数据结构代码\王道数据结构第四章\4.3.1 二叉树的遍历\debug\main.obj
e:\7.数据结构代码\王道数据结构第四章\4.3.1 二叉树的遍历\debug\stack.obj
e:\7.数据结构代码\王道数据结构第四章\4.3.1 二叉树的遍历\debug\vc110.pdb
e:\7.数据结构代码\王道数据结构第四章\4.3.1 二叉树的遍历\debug\queue.obj
e:\7.数据结构代码\王道数据结构第四章\debug\4.3.1 二叉树的遍历.ilk
e:\7.数据结构代码\王道数据结构第四章\debug\4.3.1 二叉树的遍历.exe
e:\7.数据结构代码\王道数据结构第四章\debug\4.3.1 二叉树的遍历.pdb
d:\中级阶段\第五章 二叉树\4.3.1 二叉树的遍历\debug\main.obj
d:\中级阶段\第五章 二叉树\4.3.1 二叉树的遍历\debug\queue.obj
d:\中级阶段\第五章 二叉树\4.3.1 二叉树的遍历\debug\stack.obj
d:\中级阶段\第五章 二叉树\4.3.1 二叉树的遍历\debug\cl.command.1.tlog
d:\中级阶段\第五章 二叉树\4.3.1 二叉树的遍历\debug\cl.read.1.tlog
d:\中级阶段\第五章 二叉树\4.3.1 二叉树的遍历\debug\cl.write.1.tlog
d:\中级阶段\第五章 二叉树\4.3.1 二叉树的遍历\debug\link-cvtres.read.1.tlog
d:\中级阶段\第五章 二叉树\4.3.1 二叉树的遍历\debug\link-cvtres.write.1.tlog
d:\中级阶段\第五章 二叉树\4.3.1 二叉树的遍历\debug\link-rc.read.1.tlog
d:\中级阶段\第五章 二叉树\4.3.1 二叉树的遍历\debug\link-rc.write.1.tlog
d:\中级阶段\第五章 二叉树\4.3.1 二叉树的遍历\debug\link.7552-cvtres.read.1.tlog
d:\中级阶段\第五章 二叉树\4.3.1 二叉树的遍历\debug\link.7552-cvtres.write.1.tlog
d:\中级阶段\第五章 二叉树\4.3.1 二叉树的遍历\debug\link.7552-rc.read.1.tlog
d:\中级阶段\第五章 二叉树\4.3.1 二叉树的遍历\debug\link.7552-rc.write.1.tlog
d:\中级阶段\第五章 二叉树\4.3.1 二叉树的遍历\debug\link.7552.read.1.tlog
d:\中级阶段\第五章 二叉树\4.3.1 二叉树的遍历\debug\link.7552.write.1.tlog
d:\中级阶段\第五章 二叉树\4.3.1 二叉树的遍历\debug\link.7772-cvtres.read.1.tlog
d:\中级阶段\第五章 二叉树\4.3.1 二叉树的遍历\debug\link.7772-cvtres.write.1.tlog
d:\中级阶段\第五章 二叉树\4.3.1 二叉树的遍历\debug\link.7772-rc.read.1.tlog
d:\中级阶段\第五章 二叉树\4.3.1 二叉树的遍历\debug\link.7772-rc.write.1.tlog
d:\中级阶段\第五章 二叉树\4.3.1 二叉树的遍历\debug\link.7772.read.1.tlog
d:\中级阶段\第五章 二叉树\4.3.1 二叉树的遍历\debug\link.7772.write.1.tlog
d:\中级阶段\第五章 二叉树\4.3.1 二叉树的遍历\debug\link.command.1.tlog
d:\中级阶段\第五章 二叉树\4.3.1 二叉树的遍历\debug\link.read.1.tlog
d:\中级阶段\第五章 二叉树\4.3.1 二叉树的遍历\debug\link.write.1.tlog
d:\中级阶段\第五章 二叉树\4.3.1 二叉树的遍历\debug\vc110.idb
d:\中级阶段\第五章 二叉树\4.3.1 二叉树的遍历\debug\vc110.pdb
d:\中级阶段\第五章 二叉树\debug\4.3.1 二叉树的遍历.pdb
d:\中级阶段\第五章 二叉树\debug\4.3.1 二叉树的遍历.exe
d:\中级阶段\第五章 二叉树\debug\4.3.1 二叉树的遍历.ilk
