e:\7.数据结构代码\王道数据结构第四章\4.5 二叉排序树\debug\main.obj
e:\7.数据结构代码\王道数据结构第四章\4.5 二叉排序树\debug\vc110.pdb
e:\7.数据结构代码\王道数据结构第四章\debug\4.5 二叉排序树.ilk
e:\7.数据结构代码\王道数据结构第四章\debug\4.5 二叉排序树.exe
e:\7.数据结构代码\王道数据结构第四章\debug\4.5 二叉排序树.pdb
d:\1.督学营\6期\王道数据结构可运行代码\王道数据结构第四章\4.5 二叉排序树\debug\vc142.pdb
d:\1.督学营\6期\王道数据结构可运行代码\王道数据结构第四章\4.5 二叉排序树\debug\vc142.idb
d:\1.督学营\6期\王道数据结构可运行代码\王道数据结构第四章\4.5 二叉排序树\debug\main.obj
d:\1.督学营\6期\王道数据结构可运行代码\王道数据结构第四章\debug\4.5 二叉排序树.exe
d:\1.督学营\6期\王道数据结构可运行代码\王道数据结构第四章\debug\4.5 二叉排序树.ilk
d:\1.督学营\6期\王道数据结构可运行代码\王道数据结构第四章\debug\4.5 二叉排序树.pdb
d:\clanguagepractice\课上演示代码\中级阶段\day7 二叉树\第五章 二叉树【后续完整更新+vx：yxmm985，公众号：研学木木】\4.5 二叉排序树\debug\main.obj
d:\clanguagepractice\课上演示代码\中级阶段\day7 二叉树\第五章 二叉树【后续完整更新+vx：yxmm985，公众号：研学木木】\4.5 二叉排序树\debug\cl.command.1.tlog
d:\clanguagepractice\课上演示代码\中级阶段\day7 二叉树\第五章 二叉树【后续完整更新+vx：yxmm985，公众号：研学木木】\4.5 二叉排序树\debug\cl.read.1.tlog
d:\clanguagepractice\课上演示代码\中级阶段\day7 二叉树\第五章 二叉树【后续完整更新+vx：yxmm985，公众号：研学木木】\4.5 二叉排序树\debug\cl.write.1.tlog
d:\clanguagepractice\课上演示代码\中级阶段\day7 二叉树\第五章 二叉树【后续完整更新+vx：yxmm985，公众号：研学木木】\4.5 二叉排序树\debug\link-cvtres.read.1.tlog
d:\clanguagepractice\课上演示代码\中级阶段\day7 二叉树\第五章 二叉树【后续完整更新+vx：yxmm985，公众号：研学木木】\4.5 二叉排序树\debug\link-cvtres.write.1.tlog
d:\clanguagepractice\课上演示代码\中级阶段\day7 二叉树\第五章 二叉树【后续完整更新+vx：yxmm985，公众号：研学木木】\4.5 二叉排序树\debug\link-rc.read.1.tlog
d:\clanguagepractice\课上演示代码\中级阶段\day7 二叉树\第五章 二叉树【后续完整更新+vx：yxmm985，公众号：研学木木】\4.5 二叉排序树\debug\link-rc.write.1.tlog
d:\clanguagepractice\课上演示代码\中级阶段\day7 二叉树\第五章 二叉树【后续完整更新+vx：yxmm985，公众号：研学木木】\4.5 二叉排序树\debug\link.command.1.tlog
d:\clanguagepractice\课上演示代码\中级阶段\day7 二叉树\第五章 二叉树【后续完整更新+vx：yxmm985，公众号：研学木木】\4.5 二叉排序树\debug\link.read.1.tlog
d:\clanguagepractice\课上演示代码\中级阶段\day7 二叉树\第五章 二叉树【后续完整更新+vx：yxmm985，公众号：研学木木】\4.5 二叉排序树\debug\link.write.1.tlog
d:\clanguagepractice\课上演示代码\中级阶段\day7 二叉树\第五章 二叉树【后续完整更新+vx：yxmm985，公众号：研学木木】\4.5 二叉排序树\debug\vc110.idb
d:\clanguagepractice\课上演示代码\中级阶段\day7 二叉树\第五章 二叉树【后续完整更新+vx：yxmm985，公众号：研学木木】\4.5 二叉排序树\debug\vc142.idb
d:\clanguagepractice\课上演示代码\中级阶段\day7 二叉树\第五章 二叉树【后续完整更新+vx：yxmm985，公众号：研学木木】\4.5 二叉排序树\debug\vc110.pdb
d:\clanguagepractice\课上演示代码\中级阶段\day7 二叉树\第五章 二叉树【后续完整更新+vx：yxmm985，公众号：研学木木】\4.5 二叉排序树\debug\vc142.pdb
d:\clanguagepractice\课上演示代码\中级阶段\day7 二叉树\第五章 二叉树【后续完整更新+vx：yxmm985，公众号：研学木木】\debug\4.5 二叉排序树.pdb
d:\clanguagepractice\课上演示代码\中级阶段\day7 二叉树\第五章 二叉树【后续完整更新+vx：yxmm985，公众号：研学木木】\debug\4.5 二叉排序树.exe
d:\clanguagepractice\课上演示代码\中级阶段\day7 二叉树\第五章 二叉树【后续完整更新+vx：yxmm985，公众号：研学木木】\debug\4.5 二叉排序树.ilk
d:\clanguagepractice\课上演示代码\中级阶段\day7 二叉树\第五章 二叉树【后续完整更新+vx：yxmm985，公众号：研学木木】\4.5 二叉排序树\debug\4.5 二叉排序树.tlog\cl.command.1.tlog
d:\clanguagepractice\课上演示代码\中级阶段\day7 二叉树\第五章 二叉树【后续完整更新+vx：yxmm985，公众号：研学木木】\4.5 二叉排序树\debug\4.5 二叉排序树.tlog\cl.read.1.tlog
d:\clanguagepractice\课上演示代码\中级阶段\day7 二叉树\第五章 二叉树【后续完整更新+vx：yxmm985，公众号：研学木木】\4.5 二叉排序树\debug\4.5 二叉排序树.tlog\cl.write.1.tlog
d:\clanguagepractice\课上演示代码\中级阶段\day7 二叉树\第五章 二叉树【后续完整更新+vx：yxmm985，公众号：研学木木】\4.5 二叉排序树\debug\4.5 二叉排序树.tlog\link.command.1.tlog
d:\clanguagepractice\课上演示代码\中级阶段\day7 二叉树\第五章 二叉树【后续完整更新+vx：yxmm985，公众号：研学木木】\4.5 二叉排序树\debug\4.5 二叉排序树.tlog\link.delete.1.tlog
d:\clanguagepractice\课上演示代码\中级阶段\day7 二叉树\第五章 二叉树【后续完整更新+vx：yxmm985，公众号：研学木木】\4.5 二叉排序树\debug\4.5 二叉排序树.tlog\link.read.1.tlog
d:\clanguagepractice\课上演示代码\中级阶段\day7 二叉树\第五章 二叉树【后续完整更新+vx：yxmm985，公众号：研学木木】\4.5 二叉排序树\debug\4.5 二叉排序树.tlog\link.write.1.tlog
