E:\7.数据结构代码\王道数据结构第七章\7.5 归并排序\DEBUG\MAIN.OBJ
E:\7.数据结构代码\王道数据结构第七章\7.5 归并排序\DEBUG\VC110.PDB
E:\7.数据结构代码\王道数据结构第七章\DEBUG\7.5 归并排序.ILK
E:\7.数据结构代码\王道数据结构第七章\DEBUG\7.5 归并排序.EXE
E:\7.数据结构代码\王道数据结构第七章\DEBUG\7.5 归并排序.PDB
E:\7.数据结构代码\王道数据结构第七章\7.5 归并排序\Debug\main.obj
E:\7.数据结构代码\王道数据结构第七章\7.5 归并排序\Debug\cl.command.1.tlog
E:\7.数据结构代码\王道数据结构第七章\7.5 归并排序\Debug\CL.read.1.tlog
E:\7.数据结构代码\王道数据结构第七章\7.5 归并排序\Debug\CL.write.1.tlog
E:\7.数据结构代码\王道数据结构第七章\7.5 归并排序\Debug\link-cvtres.read.1.tlog
E:\7.数据结构代码\王道数据结构第七章\7.5 归并排序\Debug\link-cvtres.write.1.tlog
E:\7.数据结构代码\王道数据结构第七章\7.5 归并排序\Debug\link-rc.read.1.tlog
E:\7.数据结构代码\王道数据结构第七章\7.5 归并排序\Debug\link-rc.write.1.tlog
E:\7.数据结构代码\王道数据结构第七章\7.5 归并排序\Debug\link.command.1.tlog
E:\7.数据结构代码\王道数据结构第七章\7.5 归并排序\Debug\link.read.1.tlog
E:\7.数据结构代码\王道数据结构第七章\7.5 归并排序\Debug\link.write.1.tlog
E:\7.数据结构代码\王道数据结构第七章\7.5 归并排序\Debug\vc110.idb
E:\7.数据结构代码\王道数据结构第七章\7.5 归并排序\Debug\vc110.pdb
E:\7.数据结构代码\王道数据结构第七章\Debug\7.5 归并排序.pdb
E:\7.数据结构代码\王道数据结构第七章\Debug\7.5 归并排序.exe
E:\7.数据结构代码\王道数据结构第七章\Debug\7.5 归并排序.ilk
