E:\7.数据结构代码\王道数据结构第五章\5.3 图的遍历\DEBUG\MAIN.OBJ
E:\7.数据结构代码\王道数据结构第五章\5.3 图的遍历\DEBUG\VC110.PDB
E:\7.数据结构代码\王道数据结构第五章\DEBUG\5.3 图的遍历.ILK
E:\7.数据结构代码\王道数据结构第五章\DEBUG\5.3 图的遍历.EXE
E:\7.数据结构代码\王道数据结构第五章\DEBUG\5.3 图的遍历.PDB
E:\7.数据结构代码\王道数据结构第五章\5.3 图的遍历\Debug\main.obj
E:\7.数据结构代码\王道数据结构第五章\5.3 图的遍历\Debug\cl.command.1.tlog
E:\7.数据结构代码\王道数据结构第五章\5.3 图的遍历\Debug\CL.read.1.tlog
E:\7.数据结构代码\王道数据结构第五章\5.3 图的遍历\Debug\CL.write.1.tlog
E:\7.数据结构代码\王道数据结构第五章\5.3 图的遍历\Debug\link-cvtres.read.1.tlog
E:\7.数据结构代码\王道数据结构第五章\5.3 图的遍历\Debug\link-cvtres.write.1.tlog
E:\7.数据结构代码\王道数据结构第五章\5.3 图的遍历\Debug\link-rc.read.1.tlog
E:\7.数据结构代码\王道数据结构第五章\5.3 图的遍历\Debug\link-rc.write.1.tlog
E:\7.数据结构代码\王道数据结构第五章\5.3 图的遍历\Debug\link.command.1.tlog
E:\7.数据结构代码\王道数据结构第五章\5.3 图的遍历\Debug\link.read.1.tlog
E:\7.数据结构代码\王道数据结构第五章\5.3 图的遍历\Debug\link.write.1.tlog
E:\7.数据结构代码\王道数据结构第五章\5.3 图的遍历\Debug\vc110.idb
E:\7.数据结构代码\王道数据结构第五章\5.3 图的遍历\Debug\vc110.pdb
E:\7.数据结构代码\王道数据结构第五章\Debug\5.3 图的遍历.pdb
E:\7.数据结构代码\王道数据结构第五章\Debug\5.3 图的遍历.exe
E:\7.数据结构代码\王道数据结构第五章\Debug\5.3 图的遍历.ilk
