E:\7.数据结构代码\第二章\2.3 线性表的链式表示\DEBUG\VC110.PDB
E:\7.数据结构代码\第二章\2.3 线性表的链式表示\DEBUG\MAIN.OBJ
E:\7.数据结构代码\第二章\DEBUG\2.3 线性表的链式表示.ILK
E:\7.数据结构代码\第二章\DEBUG\2.3 线性表的链式表示.EXE
E:\7.数据结构代码\第二章\DEBUG\2.3 线性表的链式表示.PDB
E:\7.数据结构代码\第二章\2.3 线性表的链式表示\Debug\main.obj
E:\7.数据结构代码\第二章\2.3 线性表的链式表示\Debug\cl.command.1.tlog
E:\7.数据结构代码\第二章\2.3 线性表的链式表示\Debug\CL.read.1.tlog
E:\7.数据结构代码\第二章\2.3 线性表的链式表示\Debug\CL.write.1.tlog
E:\7.数据结构代码\第二章\2.3 线性表的链式表示\Debug\link-cvtres.read.1.tlog
E:\7.数据结构代码\第二章\2.3 线性表的链式表示\Debug\link-cvtres.write.1.tlog
E:\7.数据结构代码\第二章\2.3 线性表的链式表示\Debug\link-rc.read.1.tlog
E:\7.数据结构代码\第二章\2.3 线性表的链式表示\Debug\link-rc.write.1.tlog
E:\7.数据结构代码\第二章\2.3 线性表的链式表示\Debug\link.command.1.tlog
E:\7.数据结构代码\第二章\2.3 线性表的链式表示\Debug\link.read.1.tlog
E:\7.数据结构代码\第二章\2.3 线性表的链式表示\Debug\link.write.1.tlog
E:\7.数据结构代码\第二章\2.3 线性表的链式表示\Debug\vc110.idb
E:\7.数据结构代码\第二章\2.3 线性表的链式表示\Debug\vc110.pdb
E:\7.数据结构代码\第二章\Debug\2.3 线性表的链式表示.pdb
E:\7.数据结构代码\第二章\Debug\2.3 线性表的链式表示.exe
E:\7.数据结构代码\第二章\Debug\2.3 线性表的链式表示.ilk
