e:\7.数据结构代码\王道数据结构第六章\6.5 字符串模式匹配\debug\main.obj
e:\7.数据结构代码\王道数据结构第六章\6.5 字符串模式匹配\debug\vc110.pdb
e:\7.数据结构代码\王道数据结构第六章\debug\6.5 字符串模式匹配.ilk
e:\7.数据结构代码\王道数据结构第六章\debug\6.5 字符串模式匹配.exe
e:\7.数据结构代码\王道数据结构第六章\debug\6.5 字符串模式匹配.pdb
d:\中级阶段\第七章 查找\6.5 字符串模式匹配\debug\main.obj
d:\中级阶段\第七章 查找\6.5 字符串模式匹配\debug\cl.command.1.tlog
d:\中级阶段\第七章 查找\6.5 字符串模式匹配\debug\cl.read.1.tlog
d:\中级阶段\第七章 查找\6.5 字符串模式匹配\debug\cl.write.1.tlog
d:\中级阶段\第七章 查找\6.5 字符串模式匹配\debug\link-cvtres.read.1.tlog
d:\中级阶段\第七章 查找\6.5 字符串模式匹配\debug\link-cvtres.write.1.tlog
d:\中级阶段\第七章 查找\6.5 字符串模式匹配\debug\link-rc.read.1.tlog
d:\中级阶段\第七章 查找\6.5 字符串模式匹配\debug\link-rc.write.1.tlog
d:\中级阶段\第七章 查找\6.5 字符串模式匹配\debug\link.command.1.tlog
d:\中级阶段\第七章 查找\6.5 字符串模式匹配\debug\link.read.1.tlog
d:\中级阶段\第七章 查找\6.5 字符串模式匹配\debug\link.write.1.tlog
d:\中级阶段\第七章 查找\6.5 字符串模式匹配\debug\vc110.idb
d:\中级阶段\第七章 查找\6.5 字符串模式匹配\debug\vc142.idb
d:\中级阶段\第七章 查找\6.5 字符串模式匹配\debug\vc110.pdb
d:\中级阶段\第七章 查找\6.5 字符串模式匹配\debug\vc142.pdb
